<?xml version="1.0" encoding="UTF-8"?>
<!-- Generated by org.testng.reporters.JUnitReportReporter -->
<testsuite hostname="DESKTOP-KTO6IU8" name="test.java.Testcases.LoginPageTest" tests="5" failures="0" timestamp="9 Jan 2017 04:46:59 GMT" time="18.239" errors="0">
  <testcase name="testInvalidPass" time="0.682" classname="test.java.Testcases.LoginPageTest"/>
  <testcase name="testInvalidAccount" time="15.410" classname="test.java.Testcases.LoginPageTest"/>
  <testcase name="testInvalidEmail" time="0.686" classname="test.java.Testcases.LoginPageTest"/>
  <testcase name="testBlankValue" time="0.584" classname="test.java.Testcases.LoginPageTest"/>
  <testcase name="testValidAccount" time="0.877" classname="test.java.Testcases.LoginPageTest"/>
</testsuite>
